<?xml version="1.0" encoding="UTF-8" standalone="yes"?><!DOCTYPE report PUBLIC "-//JACOCO//DTD Report 1.1//EN" "report.dtd"><report name="roman-number"><sessioninfo id="LAPTOP-4UAD7C1I-6b82403a" start="1746635287303" dump="1746635290122"/><sessioninfo id="LAPTOP-4UAD7C1I-2e34c5f9" start="1746635642700" dump="1746635645331"/><sessioninfo id="LAPTOP-4UAD7C1I-37d7e382" start="1746635947307" dump="1746635949946"/><sessioninfo id="LAPTOP-4UAD7C1I-c874c8bc" start="1746641052311" dump="1746641056416"/><sessioninfo id="LAPTOP-4UAD7C1I-112b7f87" start="1746641624906" dump="1746641628883"/><sessioninfo id="LAPTOP-4UAD7C1I-8bd5972f" start="1746643269788" dump="1746643279845"/><sessioninfo id="LAPTOP-4UAD7C1I-ce0f0e71" start="1746643571947" dump="1746643574973"/><sessioninfo id="LAPTOP-4UAD7C1I-e2ac891a" start="1746645369190" dump="1746645372875"/><sessioninfo id="LAPTOP-4UAD7C1I-8a373162" start="1746645412960" dump="1746645417094"/><sessioninfo id="LAPTOP-4UAD7C1I-5050c016" start="1746697095462" dump="1746697102330"/><sessioninfo id="LAPTOP-4UAD7C1I-9d5684a6" start="1746794488044" dump="1746794491397"/><sessioninfo id="LAPTOP-4UAD7C1I-27c6227a" start="1746796356328" dump="1746796358843"/><sessioninfo id="LAPTOP-4UAD7C1I-a76d2570" start="1746796419566" dump="1746796422118"/><sessioninfo id="LAPTOP-4UAD7C1I-c32faad0" start="1746796523970" dump="1746796526374"/><sessioninfo id="LAPTOP-4UAD7C1I-b94fe560" start="1746796614684" dump="1746796617290"/><sessioninfo id="LAPTOP-4UAD7C1I-74d896e2" start="1746796725845" dump="1746796728223"/><sessioninfo id="LAPTOP-4UAD7C1I-4b4e8bca" start="1746796794987" dump="1746796797468"/><sessioninfo id="LAPTOP-4UAD7C1I-dce3bf18" start="1746797925934" dump="1746797929248"/><sessioninfo id="LAPTOP-4UAD7C1I-95e608a" start="1746798725369" dump="1746798728076"/><sessioninfo id="LAPTOP-4UAD7C1I-6476e522" start="1746799397391" dump="1746799399901"/><sessioninfo id="LAPTOP-4UAD7C1I-1dbb098" start="1746800143284" dump="1746800146677"/><sessioninfo id="LAPTOP-4UAD7C1I-2701b90c" start="1746802299838" dump="1746802307779"/><sessioninfo id="LAPTOP-4UAD7C1I-3ae32106" start="1746802538436" dump="1746802541742"/><sessioninfo id="LAPTOP-4UAD7C1I-fac41820" start="1746802591271" dump="1746802593743"/><sessioninfo id="LAPTOP-4UAD7C1I-24f938fd" start="1746803674357" dump="1746803677738"/><sessioninfo id="LAPTOP-4UAD7C1I-fdcd7077" start="1746803890100" dump="1746803892917"/><sessioninfo id="LAPTOP-4UAD7C1I-3155fa18" start="1746804444167" dump="1746804446792"/><sessioninfo id="LAPTOP-4UAD7C1I-ae44ab75" start="1746804619323" dump="1746804621933"/><sessioninfo id="LAPTOP-4UAD7C1I-403b1402" start="1746813432709" dump="1746813435949"/><sessioninfo id="LAPTOP-4UAD7C1I-8e6596eb" start="1746813466520" dump="1746813468879"/><sessioninfo id="LAPTOP-4UAD7C1I-cb003ffb" start="1746815841261" dump="1746815843985"/><sessioninfo id="LAPTOP-4UAD7C1I-97651c61" start="1746817010455" dump="1746817013979"/><sessioninfo id="LAPTOP-4UAD7C1I-95a9de02" start="1746817076049" dump="1746817078801"/><sessioninfo id="LAPTOP-4UAD7C1I-227b647f" start="1746817789978" dump="1746817792547"/><sessioninfo id="LAPTOP-4UAD7C1I-62251036" start="1746818208658" dump="1746818211192"/><sessioninfo id="LAPTOP-4UAD7C1I-e9645991" start="1746818434193" dump="1746818436766"/><sessioninfo id="LAPTOP-4UAD7C1I-b82e7627" start="1746818659040" dump="1746818661607"/><sessioninfo id="LAPTOP-4UAD7C1I-c63d3218" start="1746818822751" dump="1746818825287"/><sessioninfo id="LAPTOP-4UAD7C1I-9a13afd5" start="1746818977114" dump="1746818980195"/><sessioninfo id="LAPTOP-4UAD7C1I-3a32326" start="1746819867787" dump="1746819870769"/><sessioninfo id="LAPTOP-4UAD7C1I-4ccd3028" start="1746820686117" dump="1746820688492"/><sessioninfo id="LAPTOP-4UAD7C1I-f0d947c1" start="1746822401353" dump="1746822404767"/><sessioninfo id="LAPTOP-4UAD7C1I-6d0c0dac" start="1746836963375" dump="1746836968297"/><sessioninfo id="LAPTOP-4UAD7C1I-90eec522" start="1746837020415" dump="1746837023186"/><sessioninfo id="LAPTOP-4UAD7C1I-6c7f8218" start="1746837101232" dump="1746837104093"/><sessioninfo id="LAPTOP-4UAD7C1I-7bed0379" start="1746838773843" dump="1746838778516"/><sessioninfo id="LAPTOP-4UAD7C1I-509e91" start="1746870502600" dump="1746870544677"/><sessioninfo id="LAPTOP-4UAD7C1I-78865fdd" start="1746871816051" dump="1746871820103"/><sessioninfo id="LAPTOP-4UAD7C1I-9a72c4e3" start="1746872681604" dump="1746872684610"/><sessioninfo id="LAPTOP-4UAD7C1I-7f558f51" start="1746872955000" dump="1746872957652"/><sessioninfo id="LAPTOP-4UAD7C1I-a5c96767" start="1746873285977" dump="1746873288678"/><sessioninfo id="LAPTOP-4UAD7C1I-d82557b" start="1746873617216" dump="1746873619890"/><sessioninfo id="LAPTOP-4UAD7C1I-d0f6ea56" start="1746874490476" dump="1746874495144"/><sessioninfo id="LAPTOP-4UAD7C1I-ba81f774" start="1746874688503" dump="1746874691197"/><sessioninfo id="LAPTOP-4UAD7C1I-88142fbb" start="1746874790625" dump="1746874793324"/><sessioninfo id="LAPTOP-4UAD7C1I-75731cd9" start="1746875794556" dump="1746875799376"/><sessioninfo id="LAPTOP-4UAD7C1I-1ad6fef8" start="1746875897646" dump="1746875901936"/><sessioninfo id="LAPTOP-4UAD7C1I-c933f1f9" start="1746877000324" dump="1746877003138"/><sessioninfo id="LAPTOP-4UAD7C1I-8d535e75" start="1746879803237" dump="1746879807107"/><sessioninfo id="LAPTOP-4UAD7C1I-22aae5b7" start="1746879941948" dump="1746879944575"/><sessioninfo id="LAPTOP-4UAD7C1I-9dda09e8" start="1746880251415" dump="1746880254132"/><sessioninfo id="LAPTOP-4UAD7C1I-91bc249d" start="1746881607667" dump="1746881610314"/><sessioninfo id="LAPTOP-4UAD7C1I-612c1f52" start="1746881704662" dump="1746881708095"/><sessioninfo id="LAPTOP-4UAD7C1I-3b1d7673" start="1746881735809" dump="1746881739237"/><sessioninfo id="LAPTOP-4UAD7C1I-7ac2b87b" start="1746883498346" dump="1746883502006"/><sessioninfo id="LAPTOP-4UAD7C1I-22bc7e9c" start="1746884821985" dump="1746884825220"/><sessioninfo id="LAPTOP-4UAD7C1I-71473379" start="1746884984364" dump="1746884987894"/><sessioninfo id="LAPTOP-4UAD7C1I-95132308" start="1746885022922" dump="1746885026166"/><sessioninfo id="LAPTOP-4UAD7C1I-af9639d3" start="1746885086512" dump="1746885089733"/><sessioninfo id="LAPTOP-4UAD7C1I-e055c692" start="1746887124055" dump="1746887131820"/><sessioninfo id="LAPTOP-4UAD7C1I-a2689cdb" start="1746887343271" dump="1746887349483"/><sessioninfo id="LAPTOP-4UAD7C1I-c6997d55" start="1746887837492" dump="1746887840947"/><sessioninfo id="LAPTOP-4UAD7C1I-60b4b01b" start="1746888333822" dump="1746888341066"/><sessioninfo id="LAPTOP-4UAD7C1I-96eb6615" start="1746888506527" dump="1746888520725"/><sessioninfo id="LAPTOP-4UAD7C1I-f8389fd3" start="1746888784625" dump="1746888798440"/><sessioninfo id="LAPTOP-4UAD7C1I-14e41a2a" start="1746888954282" dump="1746888967369"/><sessioninfo id="LAPTOP-4UAD7C1I-49906b4f" start="1746889564527" dump="1746889576964"/><sessioninfo id="LAPTOP-4UAD7C1I-671501ac" start="1746889699977" dump="1746889712353"/><sessioninfo id="LAPTOP-4UAD7C1I-cce11642" start="1746889815193" dump="1746889828720"/><sessioninfo id="LAPTOP-4UAD7C1I-17124e1c" start="1746947830770" dump="1746947867596"/><package name="it/unipd/mtss"><class name="it/unipd/mtss/IntegerToRoman" sourcefilename="IntegerToRoman.java"><method name="&lt;init&gt;" desc="()V" line="8"><counter type="INSTRUCTION" missed="3" covered="0"/><counter type="LINE" missed="1" covered="0"/><counter type="COMPLEXITY" missed="1" covered="0"/><counter type="METHOD" missed="1" covered="0"/></method><method name="convert" desc="(I)Ljava/lang/String;" line="12"><counter type="INSTRUCTION" missed="0" covered="152"/><counter type="BRANCH" missed="0" covered="8"/><counter type="LINE" missed="0" covered="11"/><counter type="COMPLEXITY" missed="0" covered="5"/><counter type="METHOD" missed="0" covered="1"/></method><counter type="INSTRUCTION" missed="3" covered="152"/><counter type="BRANCH" missed="0" covered="8"/><counter type="LINE" missed="1" covered="11"/><counter type="COMPLEXITY" missed="1" covered="5"/><counter type="METHOD" missed="1" covered="1"/><counter type="CLASS" missed="0" covered="1"/></class><class name="it/unipd/mtss/RomanPrinter" sourcefilename="RomanPrinter.java"><method name="&lt;init&gt;" desc="()V" line="8"><counter type="INSTRUCTION" missed="3" covered="0"/><counter type="LINE" missed="1" covered="0"/><counter type="COMPLEXITY" missed="1" covered="0"/><counter type="METHOD" missed="1" covered="0"/></method><method name="print" desc="(I)Ljava/lang/String;" line="10"><counter type="INSTRUCTION" missed="0" covered="4"/><counter type="LINE" missed="0" covered="1"/><counter type="COMPLEXITY" missed="0" covered="1"/><counter type="METHOD" missed="0" covered="1"/></method><method name="printAsciiArt" desc="(Ljava/lang/String;)Ljava/lang/String;" line="14"><counter type="INSTRUCTION" missed="5" covered="46"/><counter type="BRANCH" missed="1" covered="7"/><counter type="LINE" missed="1" covered="9"/><counter type="COMPLEXITY" missed="1" covered="4"/><counter type="METHOD" missed="0" covered="1"/></method><method name="composeAscii" desc="(Ljava/lang/String;)[[Ljava/lang/String;" line="36"><counter type="INSTRUCTION" missed="5" covered="56"/><counter type="BRANCH" missed="1" covered="9"/><counter type="LINE" missed="1" covered="12"/><counter type="COMPLEXITY" missed="1" covered="8"/><counter type="METHOD" missed="0" covered="1"/></method><method name="printAscii_I" desc="()[Ljava/lang/String;" line="58"><counter type="INSTRUCTION" missed="0" covered="27"/><counter type="LINE" missed="0" covered="6"/><counter type="COMPLEXITY" missed="0" covered="1"/><counter type="METHOD" missed="0" covered="1"/></method><method name="printAscii_V" desc="()[Ljava/lang/String;" line="67"><counter type="INSTRUCTION" missed="0" covered="27"/><counter type="LINE" missed="0" covered="6"/><counter type="COMPLEXITY" missed="0" covered="1"/><counter type="METHOD" missed="0" covered="1"/></method><method name="printAscii_X" desc="()[Ljava/lang/String;" line="76"><counter type="INSTRUCTION" missed="0" covered="27"/><counter type="LINE" missed="0" covered="6"/><counter type="COMPLEXITY" missed="0" covered="1"/><counter type="METHOD" missed="0" covered="1"/></method><method name="printAscii_L" desc="()[Ljava/lang/String;" line="85"><counter type="INSTRUCTION" missed="0" covered="27"/><counter type="LINE" missed="0" covered="6"/><counter type="COMPLEXITY" missed="0" covered="1"/><counter type="METHOD" missed="0" covered="1"/></method><method name="printAscii_C" desc="()[Ljava/lang/String;" line="94"><counter type="INSTRUCTION" missed="0" covered="27"/><counter type="LINE" missed="0" covered="6"/><counter type="COMPLEXITY" missed="0" covered="1"/><counter type="METHOD" missed="0" covered="1"/></method><method name="printAscii_D" desc="()[Ljava/lang/String;" line="103"><counter type="INSTRUCTION" missed="0" covered="27"/><counter type="LINE" missed="0" covered="6"/><counter type="COMPLEXITY" missed="0" covered="1"/><counter type="METHOD" missed="0" covered="1"/></method><method name="printAscii_M" desc="()[Ljava/lang/String;" line="112"><counter type="INSTRUCTION" missed="0" covered="27"/><counter type="LINE" missed="0" covered="6"/><counter type="COMPLEXITY" missed="0" covered="1"/><counter type="METHOD" missed="0" covered="1"/></method><counter type="INSTRUCTION" missed="13" covered="295"/><counter type="BRANCH" missed="2" covered="16"/><counter type="LINE" missed="3" covered="64"/><counter type="COMPLEXITY" missed="3" covered="20"/><counter type="METHOD" missed="1" covered="10"/><counter type="CLASS" missed="0" covered="1"/></class><sourcefile name="RomanPrinter.java"><line nr="8" mi="3" ci="0" mb="0" cb="0"/><line nr="10" mi="0" ci="4" mb="0" cb="0"/><line nr="14" mi="0" ci="3" mb="1" cb="1"/><line nr="15" mi="5" ci="0" mb="0" cb="0"/><line nr="17" mi="0" ci="3" mb="0" cb="0"/><line nr="18" mi="0" ci="4" mb="0" cb="0"/><line nr="24" mi="0" ci="7" mb="0" cb="2"/><line nr="25" mi="0" ci="8" mb="0" cb="2"/><line nr="26" mi="0" ci="6" mb="0" cb="2"/><line nr="27" mi="0" ci="8" mb="0" cb="0"/><line nr="30" mi="0" ci="4" mb="0" cb="0"/><line nr="32" mi="0" ci="3" mb="0" cb="0"/><line nr="36" mi="0" ci="4" mb="0" cb="0"/><line nr="37" mi="0" ci="8" mb="0" cb="2"/><line nr="38" mi="0" ci="5" mb="0" cb="0"/><line nr="39" mi="0" ci="2" mb="1" cb="7"/><line nr="40" mi="0" ci="5" mb="0" cb="0"/><line nr="41" mi="0" ci="5" mb="0" cb="0"/><line nr="42" mi="0" ci="5" mb="0" cb="0"/><line nr="43" mi="0" ci="5" mb="0" cb="0"/><line nr="44" mi="0" ci="5" mb="0" cb="0"/><line nr="45" mi="0" ci="5" mb="0" cb="0"/><line nr="46" mi="0" ci="5" mb="0" cb="0"/><line nr="48" mi="5" ci="0" mb="0" cb="0"/><line nr="51" mi="0" ci="2" mb="0" cb="0"/><line nr="58" mi="0" ci="9" mb="0" cb="0"/><line nr="59" mi="0" ci="4" mb="0" cb="0"/><line nr="60" mi="0" ci="4" mb="0" cb="0"/><line nr="61" mi="0" ci="4" mb="0" cb="0"/><line nr="62" mi="0" ci="4" mb="0" cb="0"/><line nr="63" mi="0" ci="2" mb="0" cb="0"/><line nr="67" mi="0" ci="9" mb="0" cb="0"/><line nr="68" mi="0" ci="4" mb="0" cb="0"/><line nr="69" mi="0" ci="4" mb="0" cb="0"/><line nr="70" mi="0" ci="4" mb="0" cb="0"/><line nr="71" mi="0" ci="4" mb="0" cb="0"/><line nr="72" mi="0" ci="2" mb="0" cb="0"/><line nr="76" mi="0" ci="9" mb="0" cb="0"/><line nr="77" mi="0" ci="4" mb="0" cb="0"/><line nr="78" mi="0" ci="4" mb="0" cb="0"/><line nr="79" mi="0" ci="4" mb="0" cb="0"/><line nr="80" mi="0" ci="4" mb="0" cb="0"/><line nr="81" mi="0" ci="2" mb="0" cb="0"/><line nr="85" mi="0" ci="9" mb="0" cb="0"/><line nr="86" mi="0" ci="4" mb="0" cb="0"/><line nr="87" mi="0" ci="4" mb="0" cb="0"/><line nr="88" mi="0" ci="4" mb="0" cb="0"/><line nr="89" mi="0" ci="4" mb="0" cb="0"/><line nr="90" mi="0" ci="2" mb="0" cb="0"/><line nr="94" mi="0" ci="9" mb="0" cb="0"/><line nr="95" mi="0" ci="4" mb="0" cb="0"/><line nr="96" mi="0" ci="4" mb="0" cb="0"/><line nr="97" mi="0" ci="4" mb="0" cb="0"/><line nr="98" mi="0" ci="4" mb="0" cb="0"/><line nr="99" mi="0" ci="2" mb="0" cb="0"/><line nr="103" mi="0" ci="9" mb="0" cb="0"/><line nr="104" mi="0" ci="4" mb="0" cb="0"/><line nr="105" mi="0" ci="4" mb="0" cb="0"/><line nr="106" mi="0" ci="4" mb="0" cb="0"/><line nr="107" mi="0" ci="4" mb="0" cb="0"/><line nr="108" mi="0" ci="2" mb="0" cb="0"/><line nr="112" mi="0" ci="9" mb="0" cb="0"/><line nr="113" mi="0" ci="4" mb="0" cb="0"/><line nr="114" mi="0" ci="4" mb="0" cb="0"/><line nr="115" mi="0" ci="4" mb="0" cb="0"/><line nr="116" mi="0" ci="4" mb="0" cb="0"/><line nr="117" mi="0" ci="2" mb="0" cb="0"/><counter type="INSTRUCTION" missed="13" covered="295"/><counter type="BRANCH" missed="2" covered="16"/><counter type="LINE" missed="3" covered="64"/><counter type="COMPLEXITY" missed="3" covered="20"/><counter type="METHOD" missed="1" covered="10"/><counter type="CLASS" missed="0" covered="1"/></sourcefile><sourcefile name="IntegerToRoman.java"><line nr="8" mi="3" ci="0" mb="0" cb="0"/><line nr="12" mi="0" ci="5" mb="0" cb="4"/><line nr="13" mi="0" ci="5" mb="0" cb="0"/><line nr="17" mi="0" ci="33" mb="0" cb="0"/><line nr="18" mi="0" ci="22" mb="0" cb="0"/><line nr="19" mi="0" ci="55" mb="0" cb="0"/><line nr="22" mi="0" ci="4" mb="0" cb="0"/><line nr="24" mi="0" ci="8" mb="0" cb="2"/><line nr="25" mi="0" ci="5" mb="0" cb="2"/><line nr="26" mi="0" ci="6" mb="0" cb="0"/><line nr="27" mi="0" ci="6" mb="0" cb="0"/><line nr="31" mi="0" ci="3" mb="0" cb="0"/><counter type="INSTRUCTION" missed="3" covered="152"/><counter type="BRANCH" missed="0" covered="8"/><counter type="LINE" missed="1" covered="11"/><counter type="COMPLEXITY" missed="1" covered="5"/><counter type="METHOD" missed="1" covered="1"/><counter type="CLASS" missed="0" covered="1"/></sourcefile><counter type="INSTRUCTION" missed="16" covered="447"/><counter type="BRANCH" missed="2" covered="24"/><counter type="LINE" missed="4" covered="75"/><counter type="COMPLEXITY" missed="4" covered="25"/><counter type="METHOD" missed="2" covered="11"/><counter type="CLASS" missed="0" covered="2"/></package><counter type="INSTRUCTION" missed="16" covered="447"/><counter type="BRANCH" missed="2" covered="24"/><counter type="LINE" missed="4" covered="75"/><counter type="COMPLEXITY" missed="4" covered="25"/><counter type="METHOD" missed="2" covered="11"/><counter type="CLASS" missed="0" covered="2"/></report>